Added Component: Designator=C1(Cap_Ceramic_0603)
Added Component: Designator=C2(Cap_Ceramic_0603)
Added Component: Designator=C3(Cap_Ceramic_0603)
Added Component: Designator=C4(Cap_Ceramic_0603)
Added Component: Designator=C5(Cap_Ceramic_0603)
Added Component: Designator=C6(Cap_Ceramic_0603)
Added Component: Designator=C16(Cap_Ceramic_0603)
Added Component: Designator=C16(Cap_Ceramic_0603)
Added Component: Designator=C17(Cap_Ceramic_1206)
Added Component: Designator=C17(Cap_Ceramic_1206)
Added Component: Designator=C18(Cap_Ceramic_1206)
Added Component: Designator=C18(Cap_Ceramic_1206)
Added Component: Designator=C19(Cap_Ceramic_1210)
Added Component: Designator=C19(Cap_Ceramic_1210)
Added Component: Designator=C20(Cap_Ceramic_1210)
Added Component: Designator=C20(Cap_Ceramic_1210)
Added Component: Designator=D1(SOD123)
Add component (AddParameter): Name = "ComponentLink1Description"; Value = "Digikey"; VariantName = "[No Variations]"
Add component (AddParameter): Name = "ComponentLink1URL"; Value = "https://www.digikey.com.au/product-detail/en/vishay-semiconductor-diodes-division/BZT52B3V3-G3-08/BZT52B3V3-G3-08GICT-ND/8284035"; VariantName = "[No Variations]"
Add component (AddParameter): Name = "ComponentLink2Description"; Value = "Datasheet"; VariantName = "[No Variations]"
Add component (AddParameter): Name = "ComponentLink2URL"; Value = "https://www.vishay.com/docs/83340/bzt52g.pdf"; VariantName = "[No Variations]"
Added Component: Designator=D2(SMA)
Added Component: Designator=D2(SMA)
Added Component: Designator=D3(SOD123)
Add component (AddParameter): Name = "ComponentLink1Description"; Value = "Digikey"; VariantName = "[No Variations]"
Add component (AddParameter): Name = "ComponentLink1URL"; Value = "https://www.digikey.com.au/product-detail/en/vishay-semiconductor-diodes-division/BZT52B3V3-G3-08/BZT52B3V3-G3-08GICT-ND/8284035"; VariantName = "[No Variations]"
Add component (AddParameter): Name = "ComponentLink2Description"; Value = "Datasheet"; VariantName = "[No Variations]"
Add component (AddParameter): Name = "ComponentLink2URL"; Value = "https://www.vishay.com/docs/83340/bzt52g.pdf"; VariantName = "[No Variations]"
Added Component: Designator=DS3(LED GREEN 0603)
Added Component: Designator=DS3(LED GREEN 0603)
Added Component: Designator=J1(Microfit_1X3_R_SMD)
Added Component: Designator=J2(Microfit_1X3_R_SMD)
Added Component: Designator=J3(Microfit_1X6_R_SMD)
Added Component: Designator=J4(Microfit_1X6_R_SMD)
Added Component: Designator=J5(Microfit_1X3_R_SMD)
Added Component: Designator=J6(Microfit_1X3_R_SMD)
Added Component: Designator=J7(Microfit_1X4_R_SMD)
Added Component: Designator=J8(Microfit_1X4_R_SMD)
Added Component: Designator=J9(Jumper_2Way_Pin)
Added Component: Designator=J10(Jumper_2Way_Pin)
Added Component: Designator=J11(Jumper_2Way_Pin)
Added Component: Designator=J12(Jumper_2Way_Pin)
Added Component: Designator=L2(Inductor_6x6mm)
Add component (AddParameter): Name = "ComponentLink1Description"; Value = "Digikey"; VariantName = "[No Variations]"
Add component (AddParameter): Name = "ComponentLink1URL"; Value = "https://www.digikey.com.au/product-detail/en/w%C3%BCrth-elektronik/74404064221/732-7261-1-ND/5353241"; VariantName = "[No Variations]"
Add component (AddParameter): Name = "ComponentLink2Description"; Value = "LCSC A"; VariantName = "[No Variations]"
Add component (AddParameter): Name = "ComponentLink2URL"; Value = "https://lcsc.com/product-detail/Power-Inductors_Sunlord-SWPA6045S221MT_C91047.html"; VariantName = "[No Variations]"
Add component (AddParameter): Name = "ComponentLink3Description"; Value = "LCSC B"; VariantName = "[No Variations]"
Add component (AddParameter): Name = "ComponentLink3URL"; Value = "https://lcsc.com/product-detail/Power-Inductors_SXN-Shun-Xiang-Nuo-Elec-SMNR6045-221MT_C467145.html"; VariantName = "[No Variations]"
Added Component: Designator=L2(Inductor_6x6mm)
Add component (AddParameter): Name = "ComponentLink1Description"; Value = "Digikey"; VariantName = "[No Variations]"
Add component (AddParameter): Name = "ComponentLink1URL"; Value = "https://www.digikey.com.au/product-detail/en/w%C3%BCrth-elektronik/74404064221/732-7261-1-ND/5353241"; VariantName = "[No Variations]"
Add component (AddParameter): Name = "ComponentLink2Description"; Value = "LCSC A"; VariantName = "[No Variations]"
Add component (AddParameter): Name = "ComponentLink2URL"; Value = "https://lcsc.com/product-detail/Power-Inductors_Sunlord-SWPA6045S221MT_C91047.html"; VariantName = "[No Variations]"
Add component (AddParameter): Name = "ComponentLink3Description"; Value = "LCSC B"; VariantName = "[No Variations]"
Add component (AddParameter): Name = "ComponentLink3URL"; Value = "https://lcsc.com/product-detail/Power-Inductors_SXN-Shun-Xiang-Nuo-Elec-SMNR6045-221MT_C467145.html"; VariantName = "[No Variations]"
Added Component: Designator=LOGO1(LBL HOT MEDIUM)
Added Component: Designator=LOGO2(LBL HOT MEDIUM)
Added Component: Designator=LOGO3(LBL HOT MEDIUM)
Added Component: Designator=LOGO4(QUTMS LOGO 30MM)
Added Component: Designator=LYID1(LAYER IDENT 2)
Added Component: Designator=M1(M3.2 UNPLATED)
Added Component: Designator=M2(M3.2 UNPLATED)
Added Component: Designator=M3(M3.2 UNPLATED)
Added Component: Designator=M4(M3.2 UNPLATED)
Added Component: Designator=PSU1(PDQ30-Q24-D12-D)
Added Component: Designator=Q1(SOT23-3)
Added Component: Designator=Q2(SOT23-3)
Added Component: Designator=R1(Res_ThinFilm_0603)
Added Component: Designator=R2(Res_ThinFilm_0603)
Added Component: Designator=R3(Res_ThinFilm_0603)
Added Component: Designator=R4(Res_ThinFilm_0603)
Added Component: Designator=R5(Res_ThinFilm_0603)
Added Component: Designator=R5(Res_ThinFilm_0603)
Added Component: Designator=R6(Res_ThinFilm_0603)
Added Component: Designator=R6(Res_ThinFilm_0603)
Added Component: Designator=R7(Res_ThinFilm_0603)
Added Component: Designator=R7(Res_ThinFilm_0603)
Added Component: Designator=R8(Res_ThinFilm_0603)
Added Component: Designator=R9(Res_ThinFilm_0603)
Added Component: Designator=R10(Res_ThinFilm_0603)
Added Component: Designator=R11(Res_ThinFilm_0603)
Added Component: Designator=R12(Res_ThinFilm_0603)
Added Component: Designator=R13(Res_ThinFilm_0603)
Added Component: Designator=TP1(TestPointSMD)
Added Component: Designator=TP2(TestPointSMD)
Added Component: Designator=TP3(TestPointSMD)
Added Component: Designator=U1(Si8621BC-B-IS)
Add component (AddParameter): Name = "ComponentLink1Description"; Value = "Digikey"; VariantName = "[No Variations]"
Add component (AddParameter): Name = "ComponentLink1URL"; Value = "https://www.digikey.com.au/product-detail/en/silicon-labs/SI8621BC-B-ISR/336-4774-1-ND/8611005"; VariantName = "[No Variations]"
Add component (AddParameter): Name = "ComponentLink2Description"; Value = "Datasheet"; VariantName = "[No Variations]"
Add component (AddParameter): Name = "ComponentLink2URL"; Value = "https://www.silabs.com/documents/public/data-sheets/si861x-2x-datasheet.pdf"; VariantName = "[No Variations]"
Added Component: Designator=U2(SN65HVD233DR)
Add component (AddParameter): Name = "ComponentLink1Description"; Value = "LCSC"; VariantName = "[No Variations]"
Add component (AddParameter): Name = "ComponentLink1URL"; Value = "https://lcsc.com/product-detail/CAN-ICs_Texas-Instruments_SN65HVD233DRG4_Texas-Instruments-Texas-Instruments-SN65HVD233DRG4_C61643.html"; VariantName = "[No Variations]"
Add component (AddParameter): Name = "ComponentLink2Description"; Value = "Digikey"; VariantName = "[No Variations]"
Add component (AddParameter): Name = "ComponentLink2URL"; Value = "https://www.digikey.com.au/product-detail/en/texas-instruments/SN65HVD233DR/296-35967-1-ND/4134960"; VariantName = "[No Variations]"
Add component (AddParameter): Name = "ComponentLink3Description"; Value = "Datasheet"; VariantName = "[No Variations]"
Add component (AddParameter): Name = "ComponentLink3URL"; Value = "https://www.ti.com/lit/ds/symlink/sn65hvd233.pdf?ts=1588560888178"; VariantName = "[No Variations]"
Add component (AddParameter): Name = "ComponentLink4Description"; Value = "Ti Product Page"; VariantName = "[No Variations]"
Add component (AddParameter): Name = "ComponentLink4URL"; Value = "https://www.ti.com/product/SN65HVD233"; VariantName = "[No Variations]"
Added Component: Designator=U3(SN65HVD233DR)
Add component (AddParameter): Name = "ComponentLink1Description"; Value = "LCSC"; VariantName = "[No Variations]"
Add component (AddParameter): Name = "ComponentLink1URL"; Value = "https://lcsc.com/product-detail/CAN-ICs_Texas-Instruments_SN65HVD233DRG4_Texas-Instruments-Texas-Instruments-SN65HVD233DRG4_C61643.html"; VariantName = "[No Variations]"
Add component (AddParameter): Name = "ComponentLink2Description"; Value = "Digikey"; VariantName = "[No Variations]"
Add component (AddParameter): Name = "ComponentLink2URL"; Value = "https://www.digikey.com.au/product-detail/en/texas-instruments/SN65HVD233DR/296-35967-1-ND/4134960"; VariantName = "[No Variations]"
Add component (AddParameter): Name = "ComponentLink3Description"; Value = "Datasheet"; VariantName = "[No Variations]"
Add component (AddParameter): Name = "ComponentLink3URL"; Value = "https://www.ti.com/lit/ds/symlink/sn65hvd233.pdf?ts=1588560888178"; VariantName = "[No Variations]"
Add component (AddParameter): Name = "ComponentLink4Description"; Value = "Ti Product Page"; VariantName = "[No Variations]"
Add component (AddParameter): Name = "ComponentLink4URL"; Value = "https://www.ti.com/product/SN65HVD233"; VariantName = "[No Variations]"
Added Component: Designator=U4(Si8621BC-B-IS)
Add component (AddParameter): Name = "ComponentLink1Description"; Value = "Digikey"; VariantName = "[No Variations]"
Add component (AddParameter): Name = "ComponentLink1URL"; Value = "https://www.digikey.com.au/product-detail/en/silicon-labs/SI8621BC-B-ISR/336-4774-1-ND/8611005"; VariantName = "[No Variations]"
Add component (AddParameter): Name = "ComponentLink2Description"; Value = "Datasheet"; VariantName = "[No Variations]"
Add component (AddParameter): Name = "ComponentLink2URL"; Value = "https://www.silabs.com/documents/public/data-sheets/si861x-2x-datasheet.pdf"; VariantName = "[No Variations]"
Added Component: Designator=U5(LMR14010)
Added Component: Designator=U5(LMR14010)
Added Pin To Net: NetName=+12V Pin=C17-2
Added Pin To Net: NetName=+12V Pin=C18-2
Added Pin To Net: NetName=+12V Pin=PSU1-1
Added Pin To Net: NetName=+12V Pin=PSU1-6
Added Pin To Net: NetName=+12V Pin=U5-4
Added Pin To Net: NetName=+12V Pin=U5-5
Added Net: Name=+12V
Added Pin To Net: NetName=3V3 L ISO Pin=DS3-1
Added Pin To Net: NetName=3V3 L ISO Pin=R6-1
Added Net: Name=3V3 L ISO
Added Pin To Net: NetName=3V3 L Pin=DS3-1
Added Pin To Net: NetName=3V3 L Pin=R6-1
Added Net: Name=3V3 L
Added Pin To Net: NetName=3V3 Pin=C1-2
Added Pin To Net: NetName=3V3 Pin=C3-1
Added Pin To Net: NetName=3V3 Pin=C5-2
Added Pin To Net: NetName=3V3 Pin=C19-2
Added Pin To Net: NetName=3V3 Pin=C20-2
Added Pin To Net: NetName=3V3 Pin=L2-2
Added Pin To Net: NetName=3V3 Pin=R5-2
Added Pin To Net: NetName=3V3 Pin=R6-2
Added Pin To Net: NetName=3V3 Pin=TP1-1
Added Pin To Net: NetName=3V3 Pin=U1-8
Added Pin To Net: NetName=3V3 Pin=U2-3
Added Pin To Net: NetName=3V3 Pin=U4-8
Added Net: Name=3V3
Added Pin To Net: NetName=CANH ISO Pin=U3-7
Added Net: Name=CANH ISO
Added Pin To Net: NetName=CANH Pin=U2-7
Added Net: Name=CANH
Added Pin To Net: NetName=CANL ISO Pin=U3-6
Added Net: Name=CANL ISO
Added Pin To Net: NetName=CANL Pin=U2-6
Added Net: Name=CANL
Added Pin To Net: NetName=CAN RX Pin=U1-6
Added Pin To Net: NetName=CAN RX Pin=U2-4
Added Net: Name=CAN RX
Added Pin To Net: NetName=CAN TX ISO Pin=U1-2
Added Pin To Net: NetName=CAN TX ISO Pin=U1-3
Added Pin To Net: NetName=CAN TX ISO Pin=U3-1
Added Pin To Net: NetName=CAN TX ISO Pin=U3-4
Added Net: Name=CAN TX ISO
Added Pin To Net: NetName=CAN TX Pin=U1-7
Added Pin To Net: NetName=CAN TX Pin=U2-1
Added Net: Name=CAN TX
Added Pin To Net: NetName=GND Pin=C1-1
Added Pin To Net: NetName=GND Pin=C3-2
Added Pin To Net: NetName=GND Pin=C5-1
Added Pin To Net: NetName=GND Pin=C17-1
Added Pin To Net: NetName=GND Pin=C18-1
Added Pin To Net: NetName=GND Pin=C19-1
Added Pin To Net: NetName=GND Pin=C20-1
Added Pin To Net: NetName=GND Pin=D2-A
Added Pin To Net: NetName=GND Pin=D3-A
Added Pin To Net: NetName=GND Pin=DS3-2
Added Pin To Net: NetName=GND Pin=PSU1-2
Added Pin To Net: NetName=GND Pin=Q1-S
Added Pin To Net: NetName=GND Pin=R7-1
Added Pin To Net: NetName=GND Pin=R8-1
Added Pin To Net: NetName=GND Pin=R11-1
Added Pin To Net: NetName=GND Pin=U1-5
Added Pin To Net: NetName=GND Pin=U2-2
Added Pin To Net: NetName=GND Pin=U2-8
Added Pin To Net: NetName=GND Pin=U4-5
Added Pin To Net: NetName=GND Pin=U5-2
Added Net: Name=GND
Added Pin To Net: NetName=IN CLAMP ISO Pin=D1-K
Added Pin To Net: NetName=IN CLAMP ISO Pin=R1-1
Added Pin To Net: NetName=IN CLAMP ISO Pin=U4-2
Added Net: Name=IN CLAMP ISO
Added Pin To Net: NetName=IN CLAMP Pin=D3-K
Added Pin To Net: NetName=IN CLAMP Pin=R10-2
Added Pin To Net: NetName=IN CLAMP Pin=U4-6
Added Net: Name=IN CLAMP
Added Pin To Net: NetName=IN ISO Pin=R1-2
Added Pin To Net: NetName=IN ISO Pin=R2-2
Added Net: Name=IN ISO
Added Pin To Net: NetName=IN Pin=R10-1
Added Pin To Net: NetName=IN Pin=R11-2
Added Net: Name=IN
Added Pin To Net: NetName=ISO 3V3 Pin=C2-1
Added Pin To Net: NetName=ISO 3V3 Pin=C4-2
Added Pin To Net: NetName=ISO 3V3 Pin=C6-1
Added Pin To Net: NetName=ISO 3V3 Pin=C19-2
Added Pin To Net: NetName=ISO 3V3 Pin=C20-2
Added Pin To Net: NetName=ISO 3V3 Pin=J10-1
Added Pin To Net: NetName=ISO 3V3 Pin=J12-1
Added Pin To Net: NetName=ISO 3V3 Pin=L2-2
Added Pin To Net: NetName=ISO 3V3 Pin=R5-2
Added Pin To Net: NetName=ISO 3V3 Pin=R6-2
Added Pin To Net: NetName=ISO 3V3 Pin=U1-1
Added Pin To Net: NetName=ISO 3V3 Pin=U3-3
Added Pin To Net: NetName=ISO 3V3 Pin=U4-1
Added Net: Name=ISO 3V3
Added Pin To Net: NetName=ISO +12V Pin=C17-2
Added Pin To Net: NetName=ISO +12V Pin=C18-2
Added Pin To Net: NetName=ISO +12V Pin=J9-1
Added Pin To Net: NetName=ISO +12V Pin=J11-1
Added Pin To Net: NetName=ISO +12V Pin=PSU1-3
Added Pin To Net: NetName=ISO +12V Pin=U5-4
Added Pin To Net: NetName=ISO +12V Pin=U5-5
Added Net: Name=ISO +12V
Added Pin To Net: NetName=ISO -12V Pin=PSU1-5
Added Net: Name=ISO -12V
Added Pin To Net: NetName=ISO GND Pin=C2-2
Added Pin To Net: NetName=ISO GND Pin=C4-1
Added Pin To Net: NetName=ISO GND Pin=C6-2
Added Pin To Net: NetName=ISO GND Pin=C17-1
Added Pin To Net: NetName=ISO GND Pin=C18-1
Added Pin To Net: NetName=ISO GND Pin=C19-1
Added Pin To Net: NetName=ISO GND Pin=C20-1
Added Pin To Net: NetName=ISO GND Pin=D1-A
Added Pin To Net: NetName=ISO GND Pin=D2-A
Added Pin To Net: NetName=ISO GND Pin=DS3-2
Added Pin To Net: NetName=ISO GND Pin=PSU1-4
Added Pin To Net: NetName=ISO GND Pin=Q2-S
Added Pin To Net: NetName=ISO GND Pin=R2-1
Added Pin To Net: NetName=ISO GND Pin=R7-1
Added Pin To Net: NetName=ISO GND Pin=R13-1
Added Pin To Net: NetName=ISO GND Pin=U1-4
Added Pin To Net: NetName=ISO GND Pin=U3-2
Added Pin To Net: NetName=ISO GND Pin=U3-8
Added Pin To Net: NetName=ISO GND Pin=U4-4
Added Pin To Net: NetName=ISO GND Pin=U5-2
Added Net: Name=ISO GND
Added Pin To Net: NetName=NetJ11_2 Pin=J11-2
Added Pin To Net: NetName=NetJ11_2 Pin=R9-2
Added Net: Name=NetJ11_2
Added Pin To Net: NetName=NetQ1_G Pin=Q1-G
Added Pin To Net: NetName=NetQ1_G Pin=R4-1
Added Pin To Net: NetName=NetQ1_G Pin=R8-2
Added Net: Name=NetQ1_G
Added Pin To Net: NetName=NetQ2_G Pin=Q2-G
Added Pin To Net: NetName=NetQ2_G Pin=R12-2
Added Pin To Net: NetName=NetQ2_G Pin=R13-2
Added Net: Name=NetQ2_G
Added Pin To Net: NetName=OUT CTRL Pin=R4-2
Added Pin To Net: NetName=OUT CTRL Pin=U4-7
Added Net: Name=OUT CTRL
Added Pin To Net: NetName=OUT ISO CTRL Pin=R12-1
Added Pin To Net: NetName=OUT ISO CTRL Pin=U4-3
Added Net: Name=OUT ISO CTRL
Added Pin To Net: NetName=OUT ISO Pin=Q2-D
Added Pin To Net: NetName=OUT ISO Pin=R9-1
Added Net: Name=OUT ISO
Added Pin To Net: NetName=OUT PWR ISO Pin=J12-2
Added Net: Name=OUT PWR ISO
Added Pin To Net: NetName=OUT PWR Pin=J9-2
Added Pin To Net: NetName=OUT PWR Pin=J10-2
Added Pin To Net: NetName=OUT PWR Pin=R3-1
Added Net: Name=OUT PWR
Added Pin To Net: NetName=OUT Pin=Q1-D
Added Pin To Net: NetName=OUT Pin=R3-2
Added Net: Name=OUT
Added Pin To Net: NetName=PWR CB ISO Pin=C16-1
Added Pin To Net: NetName=PWR CB ISO Pin=U5-1
Added Net: Name=PWR CB ISO
Added Pin To Net: NetName=PWR CB Pin=C16-1
Added Pin To Net: NetName=PWR CB Pin=U5-1
Added Net: Name=PWR CB
Added Pin To Net: NetName=PWR FB ISO Pin=R5-1
Added Pin To Net: NetName=PWR FB ISO Pin=R7-2
Added Pin To Net: NetName=PWR FB ISO Pin=U5-3
Added Net: Name=PWR FB ISO
Added Pin To Net: NetName=PWR FB Pin=R5-1
Added Pin To Net: NetName=PWR FB Pin=R7-2
Added Pin To Net: NetName=PWR FB Pin=TP3-1
Added Pin To Net: NetName=PWR FB Pin=U5-3
Added Net: Name=PWR FB
Added Pin To Net: NetName=PWR SW ISO Pin=C16-2
Added Pin To Net: NetName=PWR SW ISO Pin=D2-K
Added Pin To Net: NetName=PWR SW ISO Pin=L2-1
Added Pin To Net: NetName=PWR SW ISO Pin=U5-6
Added Net: Name=PWR SW ISO
Added Pin To Net: NetName=PWR SW Pin=C16-2
Added Pin To Net: NetName=PWR SW Pin=D2-K
Added Pin To Net: NetName=PWR SW Pin=L2-1
Added Pin To Net: NetName=PWR SW Pin=TP2-1
Added Pin To Net: NetName=PWR SW Pin=U5-6
Added Net: Name=PWR SW
Added Class: Name=MCISO-S00-V00-MotorcontrollerIsolation
Added Class: Name=MCISO-S01-V00-PSUISO
Added Class: Name=MCISO-S01-V00-PSU
Added Room: Name=MCISO-S00-V00-MotorcontrollerIsolation
Added Room: Name=MCISO-S01-V00-PSU
Added Room: Name=MCISO-S01-V00-PSUISO
