Added Component: Designator=C1(Cap_Ceramic_0603)
Added Component: Designator=C2(Cap_Ceramic_0603)
Added Component: Designator=C3(Cap_Ceramic_0603)
Added Component: Designator=C4(Cap_Ceramic_0603)
Added Component: Designator=C5(Cap_Ceramic_0603)
Added Component: Designator=C6(Cap_Ceramic_0603)
Added Component: Designator=C7(Cap_Ceramic_0603)
Added Component: Designator=C8(Cap_Ceramic_1206)
Added Component: Designator=C9(Cap_Ceramic_1206)
Added Component: Designator=C10(Cap_Ceramic_1210)
Added Component: Designator=C11(Cap_Ceramic_1210)
Added Component: Designator=C12(Cap_Ceramic_0603)
Added Component: Designator=C13(Cap_Ceramic_1206)
Added Component: Designator=C14(Cap_Ceramic_1206)
Added Component: Designator=C15(Cap_Ceramic_1210)
Added Component: Designator=C16(Cap_Ceramic_1210)
Added Component: Designator=D1(SOD123)
Add component (AddParameter): Name = "ComponentLink1Description"; Value = "Digikey"; VariantName = "[No Variations]"
Add component (AddParameter): Name = "ComponentLink1URL"; Value = "https://www.digikey.com.au/product-detail/en/vishay-semiconductor-diodes-division/BZT52B3V3-G3-08/BZT52B3V3-G3-08GICT-ND/8284035"; VariantName = "[No Variations]"
Add component (AddParameter): Name = "ComponentLink2Description"; Value = "Datasheet"; VariantName = "[No Variations]"
Add component (AddParameter): Name = "ComponentLink2URL"; Value = "https://www.vishay.com/docs/83340/bzt52g.pdf"; VariantName = "[No Variations]"
Added Component: Designator=D2(SOD123)
Add component (AddParameter): Name = "ComponentLink1Description"; Value = "Digikey"; VariantName = "[No Variations]"
Add component (AddParameter): Name = "ComponentLink1URL"; Value = "https://www.digikey.com.au/product-detail/en/vishay-semiconductor-diodes-division/BZT52B3V3-G3-08/BZT52B3V3-G3-08GICT-ND/8284035"; VariantName = "[No Variations]"
Add component (AddParameter): Name = "ComponentLink2Description"; Value = "Datasheet"; VariantName = "[No Variations]"
Add component (AddParameter): Name = "ComponentLink2URL"; Value = "https://www.vishay.com/docs/83340/bzt52g.pdf"; VariantName = "[No Variations]"
Added Component: Designator=D3(SMA)
Added Component: Designator=D4(SMA)
Added Component: Designator=DS1(LED GREEN 0603)
Added Component: Designator=DS2(LED GREEN 0603)
Added Component: Designator=J1(Microfit_1X3_R_TH)
Added Component: Designator=J2(Microfit_1X3_R_TH)
Added Component: Designator=J3(Microfit_2X3_R_TH)
Added Component: Designator=J4(Microfit_2X3_R_TH)
Added Component: Designator=J5(Microfit_1X3_R_TH)
Added Component: Designator=J6(Microfit_1X3_R_TH)
Added Component: Designator=J7(Microfit_2X2_R_TH)
Added Component: Designator=J8(Microfit_2X2_R_TH)
Added Component: Designator=J9(Jumper_2Way_Pin)
Added Component: Designator=J10(Jumper_2Way_Pin)
Added Component: Designator=J11(Jumper_2Way_Pin)
Added Component: Designator=J12(Jumper_2Way_Pin)
Added Component: Designator=L1(Inductor_6x6mm)
Add component (AddParameter): Name = "ComponentLink1Description"; Value = "Digikey"; VariantName = "[No Variations]"
Add component (AddParameter): Name = "ComponentLink1URL"; Value = "https://www.digikey.com.au/product-detail/en/w%C3%BCrth-elektronik/74404064221/732-7261-1-ND/5353241"; VariantName = "[No Variations]"
Add component (AddParameter): Name = "ComponentLink2Description"; Value = "LCSC A"; VariantName = "[No Variations]"
Add component (AddParameter): Name = "ComponentLink2URL"; Value = "https://lcsc.com/product-detail/Power-Inductors_Sunlord-SWPA6045S221MT_C91047.html"; VariantName = "[No Variations]"
Add component (AddParameter): Name = "ComponentLink3Description"; Value = "LCSC B"; VariantName = "[No Variations]"
Add component (AddParameter): Name = "ComponentLink3URL"; Value = "https://lcsc.com/product-detail/Power-Inductors_SXN-Shun-Xiang-Nuo-Elec-SMNR6045-221MT_C467145.html"; VariantName = "[No Variations]"
Added Component: Designator=L2(Inductor_6x6mm)
Add component (AddParameter): Name = "ComponentLink1Description"; Value = "Digikey"; VariantName = "[No Variations]"
Add component (AddParameter): Name = "ComponentLink1URL"; Value = "https://www.digikey.com.au/product-detail/en/w%C3%BCrth-elektronik/74404064221/732-7261-1-ND/5353241"; VariantName = "[No Variations]"
Add component (AddParameter): Name = "ComponentLink2Description"; Value = "LCSC A"; VariantName = "[No Variations]"
Add component (AddParameter): Name = "ComponentLink2URL"; Value = "https://lcsc.com/product-detail/Power-Inductors_Sunlord-SWPA6045S221MT_C91047.html"; VariantName = "[No Variations]"
Add component (AddParameter): Name = "ComponentLink3Description"; Value = "LCSC B"; VariantName = "[No Variations]"
Add component (AddParameter): Name = "ComponentLink3URL"; Value = "https://lcsc.com/product-detail/Power-Inductors_SXN-Shun-Xiang-Nuo-Elec-SMNR6045-221MT_C467145.html"; VariantName = "[No Variations]"
Added Component: Designator=LOGO1(LBL HOT MEDIUM)
Added Component: Designator=LOGO2(LBL HOT MEDIUM)
Added Component: Designator=LOGO3(LBL HOT MEDIUM)
Added Component: Designator=LOGO4(QUTMS LOGO 30MM)
Added Component: Designator=LYID1(LAYER IDENT 2)
Added Component: Designator=M1(M3.2 UNPLATED)
Added Component: Designator=M2(M3.2 UNPLATED)
Added Component: Designator=M3(M3.2 UNPLATED)
Added Component: Designator=M4(M3.2 UNPLATED)
Added Component: Designator=PSU1(PDQ30-Q24-D12-D)
Added Component: Designator=Q1(SOT23-3)
Added Component: Designator=Q2(SOT23-3)
Added Component: Designator=R1(Res_ThinFilm_0603)
Added Component: Designator=R2(Res_ThinFilm_0603)
Added Component: Designator=R3(Res_ThinFilm_0603)
Added Component: Designator=R4(Res_ThinFilm_0603)
Added Component: Designator=R5(Res_ThinFilm_0603)
Added Component: Designator=R6(Res_ThinFilm_0603)
Added Component: Designator=R7(Res_ThinFilm_0603)
Added Component: Designator=R8(Res_ThinFilm_0603)
Added Component: Designator=R9(Res_ThinFilm_0603)
Added Component: Designator=R10(Res_ThinFilm_0603)
Added Component: Designator=R11(Res_ThinFilm_0603)
Added Component: Designator=R12(Res_ThinFilm_0603)
Added Component: Designator=R13(Res_ThinFilm_0603)
Added Component: Designator=R14(Res_ThinFilm_0603)
Added Component: Designator=R15(Res_ThinFilm_0603)
Added Component: Designator=R16(Res_ThinFilm_0603)
Added Component: Designator=U1(Si8621BC-B-IS)
Add component (AddParameter): Name = "ComponentLink1Description"; Value = "Digikey"; VariantName = "[No Variations]"
Add component (AddParameter): Name = "ComponentLink1URL"; Value = "https://www.digikey.com.au/product-detail/en/silicon-labs/SI8621BC-B-ISR/336-4774-1-ND/8611005"; VariantName = "[No Variations]"
Add component (AddParameter): Name = "ComponentLink2Description"; Value = "Datasheet"; VariantName = "[No Variations]"
Add component (AddParameter): Name = "ComponentLink2URL"; Value = "https://www.silabs.com/documents/public/data-sheets/si861x-2x-datasheet.pdf"; VariantName = "[No Variations]"
Added Component: Designator=U2(SN65HVD233DR)
Add component (AddParameter): Name = "ComponentLink1Description"; Value = "LCSC"; VariantName = "[No Variations]"
Add component (AddParameter): Name = "ComponentLink1URL"; Value = "https://lcsc.com/product-detail/CAN-ICs_Texas-Instruments_SN65HVD233DRG4_Texas-Instruments-Texas-Instruments-SN65HVD233DRG4_C61643.html"; VariantName = "[No Variations]"
Add component (AddParameter): Name = "ComponentLink2Description"; Value = "Digikey"; VariantName = "[No Variations]"
Add component (AddParameter): Name = "ComponentLink2URL"; Value = "https://www.digikey.com.au/product-detail/en/texas-instruments/SN65HVD233DR/296-35967-1-ND/4134960"; VariantName = "[No Variations]"
Add component (AddParameter): Name = "ComponentLink3Description"; Value = "Datasheet"; VariantName = "[No Variations]"
Add component (AddParameter): Name = "ComponentLink3URL"; Value = "https://www.ti.com/lit/ds/symlink/sn65hvd233.pdf?ts=1588560888178"; VariantName = "[No Variations]"
Add component (AddParameter): Name = "ComponentLink4Description"; Value = "Ti Product Page"; VariantName = "[No Variations]"
Add component (AddParameter): Name = "ComponentLink4URL"; Value = "https://www.ti.com/product/SN65HVD233"; VariantName = "[No Variations]"
Added Component: Designator=U3(SN65HVD233DR)
Add component (AddParameter): Name = "ComponentLink1Description"; Value = "LCSC"; VariantName = "[No Variations]"
Add component (AddParameter): Name = "ComponentLink1URL"; Value = "https://lcsc.com/product-detail/CAN-ICs_Texas-Instruments_SN65HVD233DRG4_Texas-Instruments-Texas-Instruments-SN65HVD233DRG4_C61643.html"; VariantName = "[No Variations]"
Add component (AddParameter): Name = "ComponentLink2Description"; Value = "Digikey"; VariantName = "[No Variations]"
Add component (AddParameter): Name = "ComponentLink2URL"; Value = "https://www.digikey.com.au/product-detail/en/texas-instruments/SN65HVD233DR/296-35967-1-ND/4134960"; VariantName = "[No Variations]"
Add component (AddParameter): Name = "ComponentLink3Description"; Value = "Datasheet"; VariantName = "[No Variations]"
Add component (AddParameter): Name = "ComponentLink3URL"; Value = "https://www.ti.com/lit/ds/symlink/sn65hvd233.pdf?ts=1588560888178"; VariantName = "[No Variations]"
Add component (AddParameter): Name = "ComponentLink4Description"; Value = "Ti Product Page"; VariantName = "[No Variations]"
Add component (AddParameter): Name = "ComponentLink4URL"; Value = "https://www.ti.com/product/SN65HVD233"; VariantName = "[No Variations]"
Added Component: Designator=U4(Si8621BC-B-IS)
Add component (AddParameter): Name = "ComponentLink1Description"; Value = "Digikey"; VariantName = "[No Variations]"
Add component (AddParameter): Name = "ComponentLink1URL"; Value = "https://www.digikey.com.au/product-detail/en/silicon-labs/SI8621BC-B-ISR/336-4774-1-ND/8611005"; VariantName = "[No Variations]"
Add component (AddParameter): Name = "ComponentLink2Description"; Value = "Datasheet"; VariantName = "[No Variations]"
Add component (AddParameter): Name = "ComponentLink2URL"; Value = "https://www.silabs.com/documents/public/data-sheets/si861x-2x-datasheet.pdf"; VariantName = "[No Variations]"
Added Component: Designator=U5(LMR14010)
Added Component: Designator=U6(LMR14010)
Added Pin To Net: NetName=+12V Pin=C8-2
Added Pin To Net: NetName=+12V Pin=C9-2
Added Pin To Net: NetName=+12V Pin=PSU1-1
Added Pin To Net: NetName=+12V Pin=PSU1-6
Added Pin To Net: NetName=+12V Pin=U5-4
Added Pin To Net: NetName=+12V Pin=U5-5
Added Net: Name=+12V
Added Pin To Net: NetName=3V3 L ISO Pin=DS1-1
Added Pin To Net: NetName=3V3 L ISO Pin=R12-1
Added Net: Name=3V3 L ISO
Added Pin To Net: NetName=3V3 L Pin=DS1-1
Added Pin To Net: NetName=3V3 L Pin=R12-1
Added Net: Name=3V3 L
Added Pin To Net: NetName=3V3 Pin=C1-2
Added Pin To Net: NetName=3V3 Pin=C3-1
Added Pin To Net: NetName=3V3 Pin=C5-2
Added Pin To Net: NetName=3V3 Pin=C10-2
Added Pin To Net: NetName=3V3 Pin=C11-2
Added Pin To Net: NetName=3V3 Pin=L1-2
Added Pin To Net: NetName=3V3 Pin=R11-2
Added Pin To Net: NetName=3V3 Pin=R12-2
Added Pin To Net: NetName=3V3 Pin=U1-8
Added Pin To Net: NetName=3V3 Pin=U2-3
Added Pin To Net: NetName=3V3 Pin=U4-8
Added Net: Name=3V3
Added Pin To Net: NetName=CANH ISO Pin=J4-4
Added Pin To Net: NetName=CANH ISO Pin=J6-1
Added Pin To Net: NetName=CANH ISO Pin=U3-7
Added Net: Name=CANH ISO
Added Pin To Net: NetName=CANH Pin=J3-4
Added Pin To Net: NetName=CANH Pin=J5-1
Added Pin To Net: NetName=CANH Pin=U2-7
Added Net: Name=CANH
Added Pin To Net: NetName=CANL ISO Pin=J4-5
Added Pin To Net: NetName=CANL ISO Pin=J6-2
Added Pin To Net: NetName=CANL ISO Pin=U3-6
Added Net: Name=CANL ISO
Added Pin To Net: NetName=CANL Pin=J3-5
Added Pin To Net: NetName=CANL Pin=J5-2
Added Pin To Net: NetName=CANL Pin=U2-6
Added Net: Name=CANL
Added Pin To Net: NetName=CAN RX Pin=U1-6
Added Pin To Net: NetName=CAN RX Pin=U2-4
Added Net: Name=CAN RX
Added Pin To Net: NetName=CAN TX ISO Pin=U1-2
Added Pin To Net: NetName=CAN TX ISO Pin=U1-3
Added Pin To Net: NetName=CAN TX ISO Pin=U3-1
Added Pin To Net: NetName=CAN TX ISO Pin=U3-4
Added Net: Name=CAN TX ISO
Added Pin To Net: NetName=CAN TX Pin=U1-7
Added Pin To Net: NetName=CAN TX Pin=U2-1
Added Net: Name=CAN TX
Added Pin To Net: NetName=GND Pin=C1-1
Added Pin To Net: NetName=GND Pin=C3-2
Added Pin To Net: NetName=GND Pin=C5-1
Added Pin To Net: NetName=GND Pin=C8-1
Added Pin To Net: NetName=GND Pin=C9-1
Added Pin To Net: NetName=GND Pin=C10-1
Added Pin To Net: NetName=GND Pin=C11-1
Added Pin To Net: NetName=GND Pin=D2-A
Added Pin To Net: NetName=GND Pin=D3-A
Added Pin To Net: NetName=GND Pin=DS1-2
Added Pin To Net: NetName=GND Pin=PSU1-2
Added Pin To Net: NetName=GND Pin=Q1-S
Added Pin To Net: NetName=GND Pin=R5-1
Added Pin To Net: NetName=GND Pin=R8-1
Added Pin To Net: NetName=GND Pin=R13-1
Added Pin To Net: NetName=GND Pin=U1-5
Added Pin To Net: NetName=GND Pin=U2-2
Added Pin To Net: NetName=GND Pin=U2-8
Added Pin To Net: NetName=GND Pin=U4-5
Added Pin To Net: NetName=GND Pin=U5-2
Added Net: Name=GND
Added Pin To Net: NetName=IN CLAMP ISO Pin=D1-K
Added Pin To Net: NetName=IN CLAMP ISO Pin=R1-1
Added Pin To Net: NetName=IN CLAMP ISO Pin=U4-2
Added Net: Name=IN CLAMP ISO
Added Pin To Net: NetName=IN CLAMP Pin=D2-K
Added Pin To Net: NetName=IN CLAMP Pin=R7-2
Added Pin To Net: NetName=IN CLAMP Pin=U4-6
Added Net: Name=IN CLAMP
Added Pin To Net: NetName=IN ISO Pin=J8-3
Added Pin To Net: NetName=IN ISO Pin=R1-2
Added Pin To Net: NetName=IN ISO Pin=R2-2
Added Net: Name=IN ISO
Added Pin To Net: NetName=IN Pin=J7-3
Added Pin To Net: NetName=IN Pin=R7-1
Added Pin To Net: NetName=IN Pin=R8-2
Added Net: Name=IN
Added Pin To Net: NetName=ISO 3V3 Pin=C2-1
Added Pin To Net: NetName=ISO 3V3 Pin=C4-2
Added Pin To Net: NetName=ISO 3V3 Pin=C6-1
Added Pin To Net: NetName=ISO 3V3 Pin=C10-2
Added Pin To Net: NetName=ISO 3V3 Pin=C11-2
Added Pin To Net: NetName=ISO 3V3 Pin=J3-6
Added Pin To Net: NetName=ISO 3V3 Pin=J4-6
Added Pin To Net: NetName=ISO 3V3 Pin=J10-1
Added Pin To Net: NetName=ISO 3V3 Pin=J12-1
Added Pin To Net: NetName=ISO 3V3 Pin=L1-2
Added Pin To Net: NetName=ISO 3V3 Pin=R11-2
Added Pin To Net: NetName=ISO 3V3 Pin=R12-2
Added Pin To Net: NetName=ISO 3V3 Pin=U1-1
Added Pin To Net: NetName=ISO 3V3 Pin=U3-3
Added Pin To Net: NetName=ISO 3V3 Pin=U4-1
Added Net: Name=ISO 3V3
Added Pin To Net: NetName=ISO +12V Pin=C8-2
Added Pin To Net: NetName=ISO +12V Pin=C9-2
Added Pin To Net: NetName=ISO +12V Pin=J1-1
Added Pin To Net: NetName=ISO +12V Pin=J2-1
Added Pin To Net: NetName=ISO +12V Pin=J3-1
Added Pin To Net: NetName=ISO +12V Pin=J4-1
Added Pin To Net: NetName=ISO +12V Pin=J9-1
Added Pin To Net: NetName=ISO +12V Pin=J11-1
Added Pin To Net: NetName=ISO +12V Pin=PSU1-3
Added Pin To Net: NetName=ISO +12V Pin=U5-4
Added Pin To Net: NetName=ISO +12V Pin=U5-5
Added Net: Name=ISO +12V
Added Pin To Net: NetName=ISO -12V Pin=J1-3
Added Pin To Net: NetName=ISO -12V Pin=J2-3
Added Pin To Net: NetName=ISO -12V Pin=J3-2
Added Pin To Net: NetName=ISO -12V Pin=J4-2
Added Pin To Net: NetName=ISO -12V Pin=PSU1-5
Added Net: Name=ISO -12V
Added Pin To Net: NetName=ISO GND Pin=C2-2
Added Pin To Net: NetName=ISO GND Pin=C4-1
Added Pin To Net: NetName=ISO GND Pin=C6-2
Added Pin To Net: NetName=ISO GND Pin=C8-1
Added Pin To Net: NetName=ISO GND Pin=C9-1
Added Pin To Net: NetName=ISO GND Pin=C10-1
Added Pin To Net: NetName=ISO GND Pin=C11-1
Added Pin To Net: NetName=ISO GND Pin=D1-A
Added Pin To Net: NetName=ISO GND Pin=D3-A
Added Pin To Net: NetName=ISO GND Pin=DS1-2
Added Pin To Net: NetName=ISO GND Pin=J1-2
Added Pin To Net: NetName=ISO GND Pin=J2-2
Added Pin To Net: NetName=ISO GND Pin=J3-3
Added Pin To Net: NetName=ISO GND Pin=J4-3
Added Pin To Net: NetName=ISO GND Pin=J5-3
Added Pin To Net: NetName=ISO GND Pin=J6-3
Added Pin To Net: NetName=ISO GND Pin=J7-4
Added Pin To Net: NetName=ISO GND Pin=J8-4
Added Pin To Net: NetName=ISO GND Pin=PSU1-4
Added Pin To Net: NetName=ISO GND Pin=Q2-S
Added Pin To Net: NetName=ISO GND Pin=R2-1
Added Pin To Net: NetName=ISO GND Pin=R10-1
Added Pin To Net: NetName=ISO GND Pin=R13-1
Added Pin To Net: NetName=ISO GND Pin=U1-4
Added Pin To Net: NetName=ISO GND Pin=U3-2
Added Pin To Net: NetName=ISO GND Pin=U3-8
Added Pin To Net: NetName=ISO GND Pin=U4-4
Added Pin To Net: NetName=ISO GND Pin=U5-2
Added Net: Name=ISO GND
Added Pin To Net: NetName=NetJ11_2 Pin=J11-2
Added Pin To Net: NetName=NetJ11_2 Pin=R6-2
Added Net: Name=NetJ11_2
Added Pin To Net: NetName=NetQ1_G Pin=Q1-G
Added Pin To Net: NetName=NetQ1_G Pin=R4-1
Added Pin To Net: NetName=NetQ1_G Pin=R5-2
Added Net: Name=NetQ1_G
Added Pin To Net: NetName=NetQ2_G Pin=Q2-G
Added Pin To Net: NetName=NetQ2_G Pin=R9-2
Added Pin To Net: NetName=NetQ2_G Pin=R10-2
Added Net: Name=NetQ2_G
Added Pin To Net: NetName=OUT CTRL Pin=R4-2
Added Pin To Net: NetName=OUT CTRL Pin=U4-7
Added Net: Name=OUT CTRL
Added Pin To Net: NetName=OUT ISO CTRL Pin=R9-1
Added Pin To Net: NetName=OUT ISO CTRL Pin=U4-3
Added Net: Name=OUT ISO CTRL
Added Pin To Net: NetName=OUT ISO Pin=J8-2
Added Pin To Net: NetName=OUT ISO Pin=Q2-D
Added Pin To Net: NetName=OUT ISO Pin=R6-1
Added Net: Name=OUT ISO
Added Pin To Net: NetName=OUT PWR ISO Pin=J8-1
Added Pin To Net: NetName=OUT PWR ISO Pin=J12-2
Added Net: Name=OUT PWR ISO
Added Pin To Net: NetName=OUT PWR Pin=J7-1
Added Pin To Net: NetName=OUT PWR Pin=J9-2
Added Pin To Net: NetName=OUT PWR Pin=J10-2
Added Pin To Net: NetName=OUT PWR Pin=R3-1
Added Net: Name=OUT PWR
Added Pin To Net: NetName=OUT Pin=J7-2
Added Pin To Net: NetName=OUT Pin=Q1-D
Added Pin To Net: NetName=OUT Pin=R3-2
Added Net: Name=OUT
Added Pin To Net: NetName=PWR CB ISO Pin=C7-1
Added Pin To Net: NetName=PWR CB ISO Pin=U5-1
Added Net: Name=PWR CB ISO
Added Pin To Net: NetName=PWR CB Pin=C7-1
Added Pin To Net: NetName=PWR CB Pin=U5-1
Added Net: Name=PWR CB
Added Pin To Net: NetName=PWR FB ISO Pin=R11-1
Added Pin To Net: NetName=PWR FB ISO Pin=R13-2
Added Pin To Net: NetName=PWR FB ISO Pin=U5-3
Added Net: Name=PWR FB ISO
Added Pin To Net: NetName=PWR FB Pin=R11-1
Added Pin To Net: NetName=PWR FB Pin=R13-2
Added Pin To Net: NetName=PWR FB Pin=U5-3
Added Net: Name=PWR FB
Added Pin To Net: NetName=PWR SW ISO Pin=C7-2
Added Pin To Net: NetName=PWR SW ISO Pin=D3-K
Added Pin To Net: NetName=PWR SW ISO Pin=L1-1
Added Pin To Net: NetName=PWR SW ISO Pin=U5-6
Added Net: Name=PWR SW ISO
Added Pin To Net: NetName=PWR SW Pin=C7-2
Added Pin To Net: NetName=PWR SW Pin=D3-K
Added Pin To Net: NetName=PWR SW Pin=L1-1
Added Pin To Net: NetName=PWR SW Pin=U5-6
Added Net: Name=PWR SW
Added Member To Class: ClassName=MCISO-S00-V00-MotorcontrollerIsolation Member=Component C1 100nF
Added Member To Class: ClassName=MCISO-S00-V00-MotorcontrollerIsolation Member=Component C2 100nF
Added Member To Class: ClassName=MCISO-S00-V00-MotorcontrollerIsolation Member=Component C3 100nF
Added Member To Class: ClassName=MCISO-S00-V00-MotorcontrollerIsolation Member=Component C4 100nF
Added Member To Class: ClassName=MCISO-S00-V00-MotorcontrollerIsolation Member=Component C5 100nF
Added Member To Class: ClassName=MCISO-S00-V00-MotorcontrollerIsolation Member=Component C6 100nF
Added Member To Class: ClassName=MCISO-S01-V00-PSU Member=Component C7 100nF 100V
Added Member To Class: ClassName=MCISO-S01-V00-PSU Member=Component C8 22uF 35V 1206
Added Member To Class: ClassName=MCISO-S01-V00-PSU Member=Component C9 22uF 35V 1206
Added Member To Class: ClassName=MCISO-S01-V00-PSU Member=Component C10 47uF 16V 1210
Added Member To Class: ClassName=MCISO-S01-V00-PSU Member=Component C11 47uF 16V 1210
Added Member To Class: ClassName=MCISO-S01-V00-PSUISO Member=Component C12 100nF 100V
Added Member To Class: ClassName=MCISO-S01-V00-PSUISO Member=Component C13 22uF 35V 1206
Added Member To Class: ClassName=MCISO-S01-V00-PSUISO Member=Component C14 22uF 35V 1206
Added Member To Class: ClassName=MCISO-S01-V00-PSUISO Member=Component C15 47uF 16V 1210
Added Member To Class: ClassName=MCISO-S01-V00-PSUISO Member=Component C16 47uF 16V 1210
Added Member To Class: ClassName=MCISO-S00-V00-MotorcontrollerIsolation Member=Component D1 BZT52B3V3-G3-08
Added Member To Class: ClassName=MCISO-S00-V00-MotorcontrollerIsolation Member=Component D2 BZT52B3V3-G3-08
Added Member To Class: ClassName=MCISO-S01-V00-PSU Member=Component D3 B260A-13-F
Added Member To Class: ClassName=MCISO-S01-V00-PSUISO Member=Component D4 B260A-13-F
Added Member To Class: ClassName=MCISO-S01-V00-PSU Member=Component DS1 LED Green 0603
Added Member To Class: ClassName=MCISO-S01-V00-PSUISO Member=Component DS2 LED Green 0603
Added Member To Class: ClassName=MCISO-S00-V00-MotorcontrollerIsolation Member=Component J1 Microfit 3.0 1x3
Added Member To Class: ClassName=MCISO-S00-V00-MotorcontrollerIsolation Member=Component J2 Microfit 3.0 1x3
Added Member To Class: ClassName=MCISO-S00-V00-MotorcontrollerIsolation Member=Component J3 Microfit 3.0 2x3
Added Member To Class: ClassName=MCISO-S00-V00-MotorcontrollerIsolation Member=Component J4 Microfit 3.0 2x3
Added Member To Class: ClassName=MCISO-S00-V00-MotorcontrollerIsolation Member=Component J5 Microfit 3.0 1x3
Added Member To Class: ClassName=MCISO-S00-V00-MotorcontrollerIsolation Member=Component J6 Microfit 3.0 1x3
Added Member To Class: ClassName=MCISO-S00-V00-MotorcontrollerIsolation Member=Component J7 Microfit 3.0 2x2
Added Member To Class: ClassName=MCISO-S00-V00-MotorcontrollerIsolation Member=Component J8 Microfit 3.0 2x2
Added Member To Class: ClassName=MCISO-S00-V00-MotorcontrollerIsolation Member=Component J9 Jumper 2Way Pins
Added Member To Class: ClassName=MCISO-S00-V00-MotorcontrollerIsolation Member=Component J10 Jumper 2Way Pins
Added Member To Class: ClassName=MCISO-S00-V00-MotorcontrollerIsolation Member=Component J11 Jumper 2Way Pins
Added Member To Class: ClassName=MCISO-S00-V00-MotorcontrollerIsolation Member=Component J12 Jumper 2Way Pins
Added Member To Class: ClassName=MCISO-S01-V00-PSU Member=Component L1 74404064221
Added Member To Class: ClassName=MCISO-S01-V00-PSUISO Member=Component L2 74404064221
Added Member To Class: ClassName=MCISO-S00-V00-MotorcontrollerIsolation Member=Component LOGO1 LBL Hot Surface M
Added Member To Class: ClassName=MCISO-S00-V00-MotorcontrollerIsolation Member=Component LOGO2 LBL Hot Surface M
Added Member To Class: ClassName=MCISO-S00-V00-MotorcontrollerIsolation Member=Component LOGO3 LBL Hot Surface M
Added Member To Class: ClassName=MCISO-S00-V00-MotorcontrollerIsolation Member=Component LOGO4 30mm Wide QUTMS Logo
Added Member To Class: ClassName=MCISO-S00-V00-MotorcontrollerIsolation Member=Component LYID1 2 Layer Identification PCB Marker
Added Member To Class: ClassName=MCISO-S00-V00-MotorcontrollerIsolation Member=Component M1 Hole M3 Tight Unplated
Added Member To Class: ClassName=MCISO-S00-V00-MotorcontrollerIsolation Member=Component M2 Hole M3 Tight Unplated
Added Member To Class: ClassName=MCISO-S00-V00-MotorcontrollerIsolation Member=Component M3 Hole M3 Tight Unplated
Added Member To Class: ClassName=MCISO-S00-V00-MotorcontrollerIsolation Member=Component M4 Hole M3 Tight Unplated
Added Member To Class: ClassName=MCISO-S00-V00-MotorcontrollerIsolation Member=Component PSU1 PDQ30-Q24-D12-D
Added Member To Class: ClassName=MCISO-S00-V00-MotorcontrollerIsolation Member=Component Q1 2N7002
Added Member To Class: ClassName=MCISO-S00-V00-MotorcontrollerIsolation Member=Component Q2 2N7002
Added Member To Class: ClassName=MCISO-S00-V00-MotorcontrollerIsolation Member=Component R1 10k
Added Member To Class: ClassName=MCISO-S00-V00-MotorcontrollerIsolation Member=Component R2 DNF 0603
Added Member To Class: ClassName=MCISO-S00-V00-MotorcontrollerIsolation Member=Component R3 10k
Added Member To Class: ClassName=MCISO-S00-V00-MotorcontrollerIsolation Member=Component R4 1k
Added Member To Class: ClassName=MCISO-S00-V00-MotorcontrollerIsolation Member=Component R5 100R
Added Member To Class: ClassName=MCISO-S00-V00-MotorcontrollerIsolation Member=Component R6 10k
Added Member To Class: ClassName=MCISO-S00-V00-MotorcontrollerIsolation Member=Component R7 10k
Added Member To Class: ClassName=MCISO-S00-V00-MotorcontrollerIsolation Member=Component R8 DNF 0603
Added Member To Class: ClassName=MCISO-S00-V00-MotorcontrollerIsolation Member=Component R9 1k
Added Member To Class: ClassName=MCISO-S00-V00-MotorcontrollerIsolation Member=Component R10 100R
Added Member To Class: ClassName=MCISO-S01-V00-PSU Member=Component R11 64k9 1%
Added Member To Class: ClassName=MCISO-S01-V00-PSU Member=Component R12 1k
Added Member To Class: ClassName=MCISO-S01-V00-PSU Member=Component R13 19k6 1%
Added Member To Class: ClassName=MCISO-S01-V00-PSUISO Member=Component R14 64k9 1%
Added Member To Class: ClassName=MCISO-S01-V00-PSUISO Member=Component R15 1k
Added Member To Class: ClassName=MCISO-S01-V00-PSUISO Member=Component R16 19k6 1%
Added Member To Class: ClassName=MCISO-S00-V00-MotorcontrollerIsolation Member=Component U1 Si8621BC-B-IS
Added Member To Class: ClassName=MCISO-S00-V00-MotorcontrollerIsolation Member=Component U2 SN65HVD233
Added Member To Class: ClassName=MCISO-S00-V00-MotorcontrollerIsolation Member=Component U3 SN65HVD233
Added Member To Class: ClassName=MCISO-S00-V00-MotorcontrollerIsolation Member=Component U4 Si8621BC-B-IS
Added Member To Class: ClassName=MCISO-S01-V00-PSU Member=Component U5 LMR14010
Added Member To Class: ClassName=MCISO-S01-V00-PSUISO Member=Component U6 LMR14010
Added Room: Name=MCISO-S00-V00-MotorcontrollerIsolation
Added Room: Name=MCISO-S01-V00-PSU
Added Room: Name=MCISO-S01-V00-PSUISO
