Removed Pin From Net: NetName=GND Pin=C8-1
Removed Pin From Net: NetName=+12V Pin=C8-2
Removed Pin From Net: NetName=GND Pin=C9-1
Removed Pin From Net: NetName=+12V Pin=C9-2
Removed Pin From Net: NetName=GND Pin=C10-1
Removed Pin From Net: NetName=3V3 Pin=C10-2
Removed Pin From Net: NetName=GND Pin=C11-1
Removed Pin From Net: NetName=3V3 Pin=C11-2
Removed Pin From Net: NetName=GND Pin=D3-A
Removed Pin From Net: NetName=GND Pin=DS1-2
Removed Pin From Net: NetName=3V3 Pin=L1-2
Removed Pin From Net: NetName=3V3 Pin=R11-2
Removed Pin From Net: NetName=3V3 Pin=R12-2
Removed Pin From Net: NetName=GND Pin=R13-1
Removed Pin From Net: NetName=GND Pin=U5-2
Removed Pin From Net: NetName=+12V Pin=U5-4
Removed Pin From Net: NetName=+12V Pin=U5-5
Change Component Designator: OldDesignator=C12 NewDesignator=C7
Change Component Designator: OldDesignator=C13 NewDesignator=C8
Change Component Designator: OldDesignator=C14 NewDesignator=C9
Change Component Designator: OldDesignator=C15 NewDesignator=C10
Change Component Designator: OldDesignator=C16 NewDesignator=C11
Change Component Designator: OldDesignator=D4 NewDesignator=D3
Change Component Designator: OldDesignator=DS2 NewDesignator=DS1
Change Component Designator: OldDesignator=L2 NewDesignator=L1
Change Component Designator: OldDesignator=R14 NewDesignator=R11
Change Component Designator: OldDesignator=R15 NewDesignator=R12
Change Component Designator: OldDesignator=R16 NewDesignator=R13
Change Component Designator: OldDesignator=U6 NewDesignator=U5
Added Component: Designator=C12(Cap_Ceramic_0603)
Added Component: Designator=C13(Cap_Ceramic_1206)
Added Component: Designator=C14(Cap_Ceramic_1206)
Added Component: Designator=C15(Cap_Ceramic_1210)
Added Component: Designator=C16(Cap_Ceramic_1210)
Added Component: Designator=D4(SMA)
Added Component: Designator=DS2(LED GREEN 0603)
Added Component: Designator=L2(Inductor_6x6mm)
Add component (AddParameter): Name = "ComponentLink1Description"; Value = "Digikey"; VariantName = "[No Variations]"
Add component (AddParameter): Name = "ComponentLink1URL"; Value = "https://www.digikey.com.au/product-detail/en/w%C3%BCrth-elektronik/74404064221/732-7261-1-ND/5353241"; VariantName = "[No Variations]"
Add component (AddParameter): Name = "ComponentLink2Description"; Value = "LCSC A"; VariantName = "[No Variations]"
Add component (AddParameter): Name = "ComponentLink2URL"; Value = "https://lcsc.com/product-detail/Power-Inductors_Sunlord-SWPA6045S221MT_C91047.html"; VariantName = "[No Variations]"
Add component (AddParameter): Name = "ComponentLink3Description"; Value = "LCSC B"; VariantName = "[No Variations]"
Add component (AddParameter): Name = "ComponentLink3URL"; Value = "https://lcsc.com/product-detail/Power-Inductors_SXN-Shun-Xiang-Nuo-Elec-SMNR6045-221MT_C467145.html"; VariantName = "[No Variations]"
Added Component: Designator=R14(Res_ThinFilm_0603)
Added Component: Designator=R15(Res_ThinFilm_0603)
Added Component: Designator=R16(Res_ThinFilm_0603)
Added Component: Designator=U6(LMR14010)
Added Pin To Net: NetName=GND Pin=C8-1
Added Pin To Net: NetName=+12V Pin=C8-2
Added Pin To Net: NetName=GND Pin=C9-1
Added Pin To Net: NetName=+12V Pin=C9-2
Added Pin To Net: NetName=GND Pin=C10-1
Added Pin To Net: NetName=3V3 Pin=C10-2
Added Pin To Net: NetName=GND Pin=C11-1
Added Pin To Net: NetName=3V3 Pin=C11-2
Added Pin To Net: NetName=ISO GND Pin=C13-1
Added Pin To Net: NetName=ISO +12V Pin=C13-2
Added Pin To Net: NetName=ISO GND Pin=C14-1
Added Pin To Net: NetName=ISO +12V Pin=C14-2
Added Pin To Net: NetName=ISO GND Pin=C15-1
Added Pin To Net: NetName=ISO 3V3 Pin=C15-2
Added Pin To Net: NetName=ISO GND Pin=C16-1
Added Pin To Net: NetName=ISO 3V3 Pin=C16-2
Added Pin To Net: NetName=GND Pin=D3-A
Added Pin To Net: NetName=ISO GND Pin=D4-A
Added Pin To Net: NetName=GND Pin=DS1-2
Added Pin To Net: NetName=ISO GND Pin=DS2-2
Added Pin To Net: NetName=OUT PWR ISO Pin=J11-2
Added Pin To Net: NetName=3V3 Pin=L1-2
Added Pin To Net: NetName=ISO 3V3 Pin=L2-2
Added Pin To Net: NetName=OUT PWR ISO Pin=R6-2
Added Pin To Net: NetName=3V3 Pin=R11-2
Added Pin To Net: NetName=3V3 Pin=R12-2
Added Pin To Net: NetName=GND Pin=R13-1
Added Pin To Net: NetName=ISO 3V3 Pin=R14-2
Added Pin To Net: NetName=ISO 3V3 Pin=R15-2
Added Pin To Net: NetName=ISO GND Pin=R16-1
Added Pin To Net: NetName=GND Pin=U5-2
Added Pin To Net: NetName=+12V Pin=U5-4
Added Pin To Net: NetName=+12V Pin=U5-5
Added Pin To Net: NetName=ISO GND Pin=U6-2
Added Pin To Net: NetName=ISO +12V Pin=U6-4
Added Pin To Net: NetName=ISO +12V Pin=U6-5
Change Net Name : Old Net Name=3V3 L ISO New Net Name=3V3 L
Change Net Name : Old Net Name=PWR CB ISO New Net Name=PWR CB
Change Net Name : Old Net Name=PWR FB ISO New Net Name=PWR FB
Change Net Name : Old Net Name=PWR SW ISO New Net Name=PWR SW
Added Pin To Net: NetName=3V3 L ISO Pin=DS2-1
Added Pin To Net: NetName=3V3 L ISO Pin=R15-1
Added Net: Name=3V3 L ISO
Added Pin To Net: NetName=PWR CB ISO Pin=C12-1
Added Pin To Net: NetName=PWR CB ISO Pin=U6-1
Added Net: Name=PWR CB ISO
Added Pin To Net: NetName=PWR FB ISO Pin=R14-1
Added Pin To Net: NetName=PWR FB ISO Pin=R16-2
Added Pin To Net: NetName=PWR FB ISO Pin=U6-3
Added Net: Name=PWR FB ISO
Added Pin To Net: NetName=PWR SW ISO Pin=C12-2
Added Pin To Net: NetName=PWR SW ISO Pin=D4-K
Added Pin To Net: NetName=PWR SW ISO Pin=L2-1
Added Pin To Net: NetName=PWR SW ISO Pin=U6-6
Added Net: Name=PWR SW ISO
Added Member To Class: ClassName=MCISO-S01-V00-PSU Member=Component C7 100nF 100V
Added Member To Class: ClassName=MCISO-S01-V00-PSU Member=Component C8 22uF 35V 1206
Added Member To Class: ClassName=MCISO-S01-V00-PSU Member=Component C9 22uF 35V 1206
Added Member To Class: ClassName=MCISO-S01-V00-PSU Member=Component C10 47uF 16V 1210
Added Member To Class: ClassName=MCISO-S01-V00-PSU Member=Component C11 47uF 16V 1210
Added Member To Class: ClassName=MCISO-S01-V00-PSUISO Member=Component C12 100nF 100V
Added Member To Class: ClassName=MCISO-S01-V00-PSUISO Member=Component C13 22uF 35V 1206
Added Member To Class: ClassName=MCISO-S01-V00-PSUISO Member=Component C14 22uF 35V 1206
Added Member To Class: ClassName=MCISO-S01-V00-PSUISO Member=Component C15 47uF 16V 1210
Added Member To Class: ClassName=MCISO-S01-V00-PSUISO Member=Component C16 47uF 16V 1210
Added Member To Class: ClassName=MCISO-S01-V00-PSU Member=Component D3 B260A-13-F
Added Member To Class: ClassName=MCISO-S01-V00-PSUISO Member=Component D4 B260A-13-F
Added Member To Class: ClassName=MCISO-S01-V00-PSU Member=Component DS1 LED Green 0603
Added Member To Class: ClassName=MCISO-S01-V00-PSUISO Member=Component DS2 LED Green 0603
Added Member To Class: ClassName=MCISO-S01-V00-PSU Member=Component L1 74404064221
Added Member To Class: ClassName=MCISO-S01-V00-PSUISO Member=Component L2 74404064221
Added Member To Class: ClassName=MCISO-S01-V00-PSU Member=Component R11 64k9 1%
Added Member To Class: ClassName=MCISO-S01-V00-PSU Member=Component R12 1k
Added Member To Class: ClassName=MCISO-S01-V00-PSU Member=Component R13 19k6 1%
Added Member To Class: ClassName=MCISO-S01-V00-PSUISO Member=Component R14 64k9 1%
Added Member To Class: ClassName=MCISO-S01-V00-PSUISO Member=Component R15 1k
Added Member To Class: ClassName=MCISO-S01-V00-PSUISO Member=Component R16 19k6 1%
Added Member To Class: ClassName=MCISO-S01-V00-PSU Member=Component U5 LMR14010
Added Member To Class: ClassName=MCISO-S01-V00-PSUISO Member=Component U6 LMR14010
Added Room: Name=MCISO-S00-V00-MotorcontrollerIsolation
Added Room: Name=MCISO-S01-V00-PSU
Added Room: Name=MCISO-S01-V00-PSUISO
