Added Component: Designator=D4(NUP2105L)
Add component (AddParameter): Name = "ComponentLink1Description"; Value = "Datasheet"; VariantName = "[No Variations]"
Add component (AddParameter): Name = "ComponentLink1URL"; Value = "https://www.onsemi.cn/PowerSolutions/document/NUP2105L-D.PDF"; VariantName = "[No Variations]"
Add component (AddParameter): Name = "ComponentLink2Description"; Value = "LCSC"; VariantName = "[No Variations]"
Add component (AddParameter): Name = "ComponentLink2URL"; Value = "https://lcsc.com/product-detail/TVS_ON-Semiconductor-NUP2105LT1G_C14486.html"; VariantName = "[No Variations]"
Add component (AddParameter): Name = "ComponentLink3Description"; Value = "Digikey"; VariantName = "[No Variations]"
Add component (AddParameter): Name = "ComponentLink3URL"; Value = "https://www.digikey.com.au/product-detail/en/on-semiconductor/SZNUP2105LT1G/SZNUP2105LT1GOSCT-ND/3487669"; VariantName = "[No Variations]"
Added Component: Designator=D5(NUP2105L)
Add component (AddParameter): Name = "ComponentLink1Description"; Value = "Datasheet"; VariantName = "[No Variations]"
Add component (AddParameter): Name = "ComponentLink1URL"; Value = "https://www.onsemi.cn/PowerSolutions/document/NUP2105L-D.PDF"; VariantName = "[No Variations]"
Add component (AddParameter): Name = "ComponentLink2Description"; Value = "LCSC"; VariantName = "[No Variations]"
Add component (AddParameter): Name = "ComponentLink2URL"; Value = "https://lcsc.com/product-detail/TVS_ON-Semiconductor-NUP2105LT1G_C14486.html"; VariantName = "[No Variations]"
Add component (AddParameter): Name = "ComponentLink3Description"; Value = "Digikey"; VariantName = "[No Variations]"
Add component (AddParameter): Name = "ComponentLink3URL"; Value = "https://www.digikey.com.au/product-detail/en/on-semiconductor/SZNUP2105LT1G/SZNUP2105LT1GOSCT-ND/3487669"; VariantName = "[No Variations]"
Added Pin To Net: NetName=CANL Pin=D4-1
Added Pin To Net: NetName=CANH Pin=D4-2
Added Pin To Net: NetName=GND Pin=D4-3
Added Pin To Net: NetName=CANL ISO Pin=D5-1
Added Pin To Net: NetName=CANH ISO Pin=D5-2
Added Pin To Net: NetName=ISO GND Pin=D5-3
Added Member To Class: ClassName=MCISO-S00-V00-MotorcontrollerIsolation Member=Component D4 NUP2105L
Added Member To Class: ClassName=MCISO-S00-V00-MotorcontrollerIsolation Member=Component D5 NUP2105L
